<?xml version="1.0" encoding="UTF-8"?>
<!-- Generated by org.testng.reporters.JUnitXMLReporter -->
<testsuite ignored="0" hostname="localhost.localdomain" failures="0" tests="14" name="Surefire test" time="23.813" errors="0" timestamp="2024-06-14T17:44:01 EEST">
  <testcase classname="tests.CreatePetTests" name="testCreatePetWithIncorrectInputData" time="5.007"/>
  <testcase classname="tests.CreatePetTests" name="testFailedCreatePetWithEmptyBody" time="0.756"/>
  <testcase classname="tests.CreatePetTests" name="testSuccessCreatePet" time="1.121"/>
  <testcase classname="tests.UpdatePetTests" name="testSuccessUpdatePet" time="0.743"/>
  <testcase classname="tests.UpdatePetTests" name="testUpdatePetWithEmptyBody" time="1.03"/>
  <testcase classname="tests.UpdatePetTests" name="testUpdatePetWithInvalidId" time="1.026"/>
  <testcase classname="tests.UpdatePetTests" name="testUpdatePetWithNotFoundId" time="1.028"/>
  <testcase classname="tests.DeletePetTests" name="testSuccessDeletePet" time="1.063"/>
  <testcase classname="tests.GetPetTests" name="testGetPetWithInvalidStatus" time="0.904"/>
  <testcase classname="tests.GetPetTests" name="testGetPetWithNoExistId" time="0.814"/>
  <testcase classname="tests.GetPetTests" name="testSuccessGetPetById" time="0.7"/>
  <testcase classname="tests.GetPetTests" name="testSuccessGetPetByStatus" time="1.186"/>
  <testcase classname="tests.GetPetTests" name="testSuccessGetPetByStatus" time="1.196"/>
  <testcase classname="tests.GetPetTests" name="testSuccessGetPetByStatus" time="0.698"/>
</testsuite> <!-- Surefire test -->
