<?xml version="1.0" encoding="UTF-8"?>
<testsuite xmlns:xsi="http://www.w3.org/2001/XMLSchema-instance" xsi:noNamespaceSchemaLocation="https://maven.apache.org/surefire/maven-surefire-plugin/xsd/surefire-test-report.xsd" name="TestSuite" time="24.394" tests="14" errors="0" skipped="0" failures="0">
  <properties>
[...]
</properties>
  <testcase name="testCreatePetWithIncorrectInputData" classname="tests.CreatePetTests" time="5.011"/>
  <testcase name="testFailedCreatePetWithEmptyBody" classname="tests.CreatePetTests" time="0.754"/>
  <testcase name="testSuccessCreatePet" classname="tests.CreatePetTests" time="1.122"/>
  <testcase name="testSuccessUpdatePet" classname="tests.UpdatePetTests" time="0.742"/>
  <testcase name="testUpdatePetWithEmptyBody" classname="tests.UpdatePetTests" time="1.03"/>
  <testcase name="testUpdatePetWithInvalidId" classname="tests.UpdatePetTests" time="1.026"/>
  <testcase name="testUpdatePetWithNotFoundId" classname="tests.UpdatePetTests" time="1.028"/>
  <testcase name="testSuccessDeletePet" classname="tests.DeletePetTests" time="1.063"/>
  <testcase name="testGetPetWithInvalidStatus" classname="tests.GetPetTests" time="0.905"/>
  <testcase name="testGetPetWithNoExistId" classname="tests.GetPetTests" time="0.814"/>
  <testcase name="testSuccessGetPetById" classname="tests.GetPetTests" time="0.701"/>
  <testcase name="testSuccessGetPetByStatus" classname="tests.GetPetTests" time="1.191"/>
  <testcase name="testSuccessGetPetByStatus" classname="tests.GetPetTests" time="1.192"/>
  <testcase name="testSuccessGetPetByStatus" classname="tests.GetPetTests" time="0.698"/>
</testsuite>